[debug] [2021-02-04T14:36:42.319Z] ----------------------------------------------------------------------
[debug] [2021-02-04T14:36:42.321Z] Command:       /home/talha-invozone/.nvm/versions/node/v12.18.3/bin/node /home/talha-invozone/.nvm/versions/node/v12.18.3/bin/firebase emulators:start --only functions
[debug] [2021-02-04T14:36:42.321Z] CLI Version:   9.3.0
[debug] [2021-02-04T14:36:42.321Z] Platform:      linux
[debug] [2021-02-04T14:36:42.321Z] Node Version:  v12.18.3
[debug] [2021-02-04T14:36:42.321Z] Time:          Thu Feb 04 2021 19:36:42 GMT+0500 (Pakistan Standard Time)
[debug] [2021-02-04T14:36:42.322Z] ----------------------------------------------------------------------
[debug] [2021-02-04T14:36:42.322Z] 
[debug] [2021-02-04T14:36:42.323Z] >>> [apiv2][query] GET https://firebase-public.firebaseio.com/cli.json [none]
[debug] [2021-02-04T14:36:42.344Z] > command requires scopes: ["email","openid","https://www.googleapis.com/auth/cloudplatformprojects.readonly","https://www.googleapis.com/auth/firebase","https://www.googleapis.com/auth/cloud-platform"]
[debug] [2021-02-04T14:36:42.345Z] > authorizing via signed-in user
[info] i  emulators: Starting emulators: functions {"metadata":{"emulator":{"name":"hub"},"message":"Starting emulators: functions"}}
[debug] [2021-02-04T14:36:42.372Z] [hub] writing locator at /tmp/hub-training-project-be1c1.json
[warn] ⚠  functions: The following emulators are not running, calls to these services from the Functions emulator will affect production: auth, firestore, database, hosting, pubsub {"metadata":{"emulator":{"name":"functions"},"message":"The following emulators are not running, calls to these services from the Functions emulator will affect production: \u001b[1mauth, firestore, database, hosting, pubsub\u001b[22m"}}
[info] ✔  functions: Using node@12 from host. {"metadata":{"emulator":{"name":"functions"},"message":"Using node@12 from host."}}
[debug] [2021-02-04T14:36:42.397Z] defaultcredentials: writing to file /home/talha-invozone/.config/firebase/talha_zulfiqar_invozone.com_application_default_credentials.json
[debug] [2021-02-04T14:36:42.399Z] Setting GAC to /home/talha-invozone/.config/firebase/talha_zulfiqar_invozone.com_application_default_credentials.json {"metadata":{"emulator":{"name":"functions"},"message":"Setting GAC to /home/talha-invozone/.config/firebase/talha_zulfiqar_invozone.com_application_default_credentials.json"}}
[debug] [2021-02-04T14:36:42.401Z] > refreshing access token with scopes: []
[debug] [2021-02-04T14:36:42.402Z] >>> HTTP REQUEST POST https://www.googleapis.com/oauth2/v3/token  
 <request body omitted>
[debug] [2021-02-04T14:36:43.005Z] <<< HTTP RESPONSE 200 {"expires":"Mon, 01 Jan 1990 00:00:00 GMT","date":"Thu, 04 Feb 2021 14:36:42 GMT","cache-control":"no-cache, no-store, max-age=0, must-revalidate","pragma":"no-cache","content-type":"application/json; charset=utf-8","vary":"X-Origin, Referer, Origin,Accept-Encoding","server":"scaffolding on HTTPServer2","x-xss-protection":"0","x-frame-options":"SAMEORIGIN","x-content-type-options":"nosniff","alt-svc":"h3-29=\":443\"; ma=2592000,h3-T051=\":443\"; ma=2592000,h3-Q050=\":443\"; ma=2592000,h3-Q046=\":443\"; ma=2592000,h3-Q043=\":443\"; ma=2592000,quic=\":443\"; ma=2592000; v=\"46,43\"","accept-ranges":"none","transfer-encoding":"chunked"}
[debug] [2021-02-04T14:36:43.017Z] >>> [apiv2][query] GET https://firebase.googleapis.com/v1beta1/projects/training-project-be1c1/adminSdkConfig [none]
[debug] [2021-02-04T14:36:43.444Z] <<< [apiv2][status] GET https://firebase-public.firebaseio.com/cli.json 200
[debug] [2021-02-04T14:36:43.447Z] <<< [apiv2][body] GET https://firebase-public.firebaseio.com/cli.json {"cloudBuildErrorAfter":1594252800000,"cloudBuildWarnAfter":1590019200000,"defaultNode10After":1594252800000,"minVersion":"3.0.5","node8DeploysDisabledAfter":1613390400000,"node8RuntimeDisabledAfter":1615809600000,"node8WarnAfter":1600128000000}
[debug] [2021-02-04T14:36:43.943Z] <<< [apiv2][status] GET https://firebase.googleapis.com/v1beta1/projects/training-project-be1c1/adminSdkConfig 200
[debug] [2021-02-04T14:36:43.944Z] <<< [apiv2][body] GET https://firebase.googleapis.com/v1beta1/projects/training-project-be1c1/adminSdkConfig {"projectId":"training-project-be1c1","databaseURL":"https://training-project-be1c1-default-rtdb.firebaseio.com","storageBucket":"training-project-be1c1.appspot.com","locationId":"us-central"}
[debug] [2021-02-04T14:36:44.008Z] Ignoring unsupported arg: auto_download {"metadata":{"emulator":{"name":"ui"},"message":"Ignoring unsupported arg: auto_download"}}
[debug] [2021-02-04T14:36:44.010Z] Ignoring unsupported arg: port {"metadata":{"emulator":{"name":"ui"},"message":"Ignoring unsupported arg: port"}}
[debug] [2021-02-04T14:36:44.011Z] Starting Emulator UI with command {"binary":"node","args":["/home/talha-invozone/.cache/firebase/emulators/ui-v1.4.1/server.bundle.js"],"optionalArgs":[],"joinArgs":false} {"metadata":{"emulator":{"name":"ui"},"message":"Starting Emulator UI with command {\"binary\":\"node\",\"args\":[\"/home/talha-invozone/.cache/firebase/emulators/ui-v1.4.1/server.bundle.js\"],\"optionalArgs\":[],\"joinArgs\":false}"}}
[info] i  ui: Emulator UI logging to ui-debug.log {"metadata":{"emulator":{"name":"ui"},"message":"Emulator UI logging to \u001b[1mui-debug.log\u001b[22m"}}
[debug] [2021-02-04T14:36:44.174Z] Web / API server started at http://localhost:4000
 {"metadata":{"emulator":{"name":"ui"},"message":"Web / API server started at http://localhost:4000\n"}}
[info] i  functions: Watching "/home/talha-invozone/Documents/TrainingSession/ReactJS/react-custom-hooks-and-routers/functions" for Cloud Functions... {"metadata":{"emulator":{"name":"functions"},"message":"Watching \"/home/talha-invozone/Documents/TrainingSession/ReactJS/react-custom-hooks-and-routers/functions\" for Cloud Functions..."}}
[debug] [2021-02-04T14:36:44.380Z] [worker-pool] addWorker(~diagnostic~) {"metadata":{"emulator":{"name":"functions"},"message":"[worker-pool] addWorker(~diagnostic~)"}}
[debug] [2021-02-04T14:36:44.381Z] [worker-pool] Adding worker with key ~diagnostic~, total=1 {"metadata":{"emulator":{"name":"functions"},"message":"[worker-pool] Adding worker with key ~diagnostic~, total=1"}}
[debug] [2021-02-04T14:36:44.382Z] [worker-pool] submitWork(triggerId=) {"metadata":{"emulator":{"name":"functions"},"message":"[worker-pool] submitWork(triggerId=)"}}
[debug] [2021-02-04T14:36:44.382Z] [worker-~diagnostic~-19e9eebd-0574-4f5a-9dea-2ca206e874a2]: Assigning socketPath: /tmp/fire_emu_6405.sock {"metadata":{"emulator":{"name":"functions"},"message":"[worker-~diagnostic~-19e9eebd-0574-4f5a-9dea-2ca206e874a2]: Assigning socketPath: /tmp/fire_emu_6405.sock"}}
[debug] [2021-02-04T14:36:44.383Z] [worker-~diagnostic~-19e9eebd-0574-4f5a-9dea-2ca206e874a2]: BUSY {"metadata":{"emulator":{"name":"functions"},"message":"[worker-~diagnostic~-19e9eebd-0574-4f5a-9dea-2ca206e874a2]: BUSY"}}
[debug] [2021-02-04T14:36:44.541Z] [runtime-status] [6405] Functions runtime initialized. {"cwd":"/home/talha-invozone/Documents/TrainingSession/ReactJS/react-custom-hooks-and-routers/functions","node_version":"12.18.3"} {"metadata":{"emulator":{"name":"functions"},"message":"[runtime-status] [6405] Functions runtime initialized. {\"cwd\":\"/home/talha-invozone/Documents/TrainingSession/ReactJS/react-custom-hooks-and-routers/functions\",\"node_version\":\"12.18.3\"}"}}
[debug] [2021-02-04T14:36:44.543Z] [runtime-status] [6405] Disabled runtime features: undefined {"metadata":{"emulator":{"name":"functions"},"message":"[runtime-status] [6405] Disabled runtime features: undefined"}}
[debug] [2021-02-04T14:36:44.544Z] [runtime-status] [6405] Resolved module firebase-admin {"declared":true,"installed":true,"version":"9.4.2","resolution":"/home/talha-invozone/Documents/TrainingSession/ReactJS/react-custom-hooks-and-routers/functions/node_modules/firebase-admin/lib/index.js"} {"metadata":{"emulator":{"name":"functions"},"message":"[runtime-status] [6405] Resolved module firebase-admin {\"declared\":true,\"installed\":true,\"version\":\"9.4.2\",\"resolution\":\"/home/talha-invozone/Documents/TrainingSession/ReactJS/react-custom-hooks-and-routers/functions/node_modules/firebase-admin/lib/index.js\"}"}}
[debug] [2021-02-04T14:36:44.545Z] [runtime-status] [6405] Resolved module firebase-functions {"declared":true,"installed":true,"version":"3.13.1","resolution":"/home/talha-invozone/Documents/TrainingSession/ReactJS/react-custom-hooks-and-routers/functions/node_modules/firebase-functions/lib/index.js"} {"metadata":{"emulator":{"name":"functions"},"message":"[runtime-status] [6405] Resolved module firebase-functions {\"declared\":true,\"installed\":true,\"version\":\"3.13.1\",\"resolution\":\"/home/talha-invozone/Documents/TrainingSession/ReactJS/react-custom-hooks-and-routers/functions/node_modules/firebase-functions/lib/index.js\"}"}}
[debug] [2021-02-04T14:36:44.546Z] [runtime-status] [6405] Resolved module firebase-functions {"declared":true,"installed":true,"version":"3.13.1","resolution":"/home/talha-invozone/Documents/TrainingSession/ReactJS/react-custom-hooks-and-routers/functions/node_modules/firebase-functions/lib/index.js"} {"metadata":{"emulator":{"name":"functions"},"message":"[runtime-status] [6405] Resolved module firebase-functions {\"declared\":true,\"installed\":true,\"version\":\"3.13.1\",\"resolution\":\"/home/talha-invozone/Documents/TrainingSession/ReactJS/react-custom-hooks-and-routers/functions/node_modules/firebase-functions/lib/index.js\"}"}}
[debug] [2021-02-04T14:36:44.548Z] [runtime-status] [6405] Outgoing network have been stubbed. [{"name":"http","status":"mocked"},{"name":"http","status":"mocked"},{"name":"https","status":"mocked"},{"name":"https","status":"mocked"},{"name":"net","status":"mocked"}] {"metadata":{"emulator":{"name":"functions"},"message":"[runtime-status] [6405] Outgoing network have been stubbed. [{\"name\":\"http\",\"status\":\"mocked\"},{\"name\":\"http\",\"status\":\"mocked\"},{\"name\":\"https\",\"status\":\"mocked\"},{\"name\":\"https\",\"status\":\"mocked\"},{\"name\":\"net\",\"status\":\"mocked\"}]"}}
[debug] [2021-02-04T14:36:44.549Z] [runtime-status] [6405] Resolved module firebase-functions {"declared":true,"installed":true,"version":"3.13.1","resolution":"/home/talha-invozone/Documents/TrainingSession/ReactJS/react-custom-hooks-and-routers/functions/node_modules/firebase-functions/lib/index.js"} {"metadata":{"emulator":{"name":"functions"},"message":"[runtime-status] [6405] Resolved module firebase-functions {\"declared\":true,\"installed\":true,\"version\":\"3.13.1\",\"resolution\":\"/home/talha-invozone/Documents/TrainingSession/ReactJS/react-custom-hooks-and-routers/functions/node_modules/firebase-functions/lib/index.js\"}"}}
[debug] [2021-02-04T14:36:44.592Z] [runtime-status] [6405] Checked functions.config() {"config":{}} {"metadata":{"emulator":{"name":"functions"},"message":"[runtime-status] [6405] Checked functions.config() {\"config\":{}}"}}
[debug] [2021-02-04T14:36:44.593Z] [runtime-status] [6405] firebase-functions has been stubbed. {"functionsResolution":{"declared":true,"installed":true,"version":"3.13.1","resolution":"/home/talha-invozone/Documents/TrainingSession/ReactJS/react-custom-hooks-and-routers/functions/node_modules/firebase-functions/lib/index.js"}} {"metadata":{"emulator":{"name":"functions"},"message":"[runtime-status] [6405] firebase-functions has been stubbed. {\"functionsResolution\":{\"declared\":true,\"installed\":true,\"version\":\"3.13.1\",\"resolution\":\"/home/talha-invozone/Documents/TrainingSession/ReactJS/react-custom-hooks-and-routers/functions/node_modules/firebase-functions/lib/index.js\"}}"}}
[debug] [2021-02-04T14:36:44.593Z] [runtime-status] [6405] Resolved module firebase-functions {"declared":true,"installed":true,"version":"3.13.1","resolution":"/home/talha-invozone/Documents/TrainingSession/ReactJS/react-custom-hooks-and-routers/functions/node_modules/firebase-functions/lib/index.js"} {"metadata":{"emulator":{"name":"functions"},"message":"[runtime-status] [6405] Resolved module firebase-functions {\"declared\":true,\"installed\":true,\"version\":\"3.13.1\",\"resolution\":\"/home/talha-invozone/Documents/TrainingSession/ReactJS/react-custom-hooks-and-routers/functions/node_modules/firebase-functions/lib/index.js\"}"}}
[debug] [2021-02-04T14:36:44.596Z] [runtime-status] [6405] Resolved module firebase-admin {"declared":true,"installed":true,"version":"9.4.2","resolution":"/home/talha-invozone/Documents/TrainingSession/ReactJS/react-custom-hooks-and-routers/functions/node_modules/firebase-admin/lib/index.js"} {"metadata":{"emulator":{"name":"functions"},"message":"[runtime-status] [6405] Resolved module firebase-admin {\"declared\":true,\"installed\":true,\"version\":\"9.4.2\",\"resolution\":\"/home/talha-invozone/Documents/TrainingSession/ReactJS/react-custom-hooks-and-routers/functions/node_modules/firebase-admin/lib/index.js\"}"}}
[debug] [2021-02-04T14:36:44.597Z] [runtime-status] [6405] Resolved module firebase-functions {"declared":true,"installed":true,"version":"3.13.1","resolution":"/home/talha-invozone/Documents/TrainingSession/ReactJS/react-custom-hooks-and-routers/functions/node_modules/firebase-functions/lib/index.js"} {"metadata":{"emulator":{"name":"functions"},"message":"[runtime-status] [6405] Resolved module firebase-functions {\"declared\":true,\"installed\":true,\"version\":\"3.13.1\",\"resolution\":\"/home/talha-invozone/Documents/TrainingSession/ReactJS/react-custom-hooks-and-routers/functions/node_modules/firebase-functions/lib/index.js\"}"}}
[debug] [2021-02-04T14:36:44.597Z] [runtime-status] [6405] firebase-admin has been stubbed. {"adminResolution":{"declared":true,"installed":true,"version":"9.4.2","resolution":"/home/talha-invozone/Documents/TrainingSession/ReactJS/react-custom-hooks-and-routers/functions/node_modules/firebase-admin/lib/index.js"}} {"metadata":{"emulator":{"name":"functions"},"message":"[runtime-status] [6405] firebase-admin has been stubbed. {\"adminResolution\":{\"declared\":true,\"installed\":true,\"version\":\"9.4.2\",\"resolution\":\"/home/talha-invozone/Documents/TrainingSession/ReactJS/react-custom-hooks-and-routers/functions/node_modules/firebase-admin/lib/index.js\"}}"}}
[info] ✔  functions[helloWorld]: http function initialized (http://localhost:5001/training-project-be1c1/us-central1/helloWorld). {"metadata":{"emulator":{"name":"functions"},"message":"\u001b[1mhttp\u001b[22m function initialized (http://localhost:5001/training-project-be1c1/us-central1/helloWorld)."}}
[info] 
┌─────────────────────────────────────────────────────────────┐
│ ✔  All emulators ready! It is now safe to connect your app. │
│ i  View Emulator UI at http://localhost:4000                │
└─────────────────────────────────────────────────────────────┘

┌───────────┬────────────────┬─────────────────────────────────┐
│ Emulator  │ Host:Port      │ View in Emulator UI             │
├───────────┼────────────────┼─────────────────────────────────┤
│ Functions │ localhost:5001 │ http://localhost:4000/functions │
└───────────┴────────────────┴─────────────────────────────────┘
  Emulator Hub running at localhost:4400
  Other reserved ports: 4500

Issues? Report them at https://github.com/firebase/firebase-tools/issues and attach the *-debug.log files.
 
[debug] [2021-02-04T14:36:44.608Z] [worker-~diagnostic~-19e9eebd-0574-4f5a-9dea-2ca206e874a2]: IDLE {"metadata":{"emulator":{"name":"functions"},"message":"[worker-~diagnostic~-19e9eebd-0574-4f5a-9dea-2ca206e874a2]: IDLE"}}
[debug] [2021-02-04T14:37:15.503Z] File /home/talha-invozone/Documents/TrainingSession/ReactJS/react-custom-hooks-and-routers/functions/index.js changed, reloading triggers {"metadata":{"emulator":{"name":"functions"},"message":"File /home/talha-invozone/Documents/TrainingSession/ReactJS/react-custom-hooks-and-routers/functions/index.js changed, reloading triggers"}}
[debug] [2021-02-04T14:37:15.714Z] File /home/talha-invozone/Documents/TrainingSession/ReactJS/react-custom-hooks-and-routers/functions/index.js changed, reloading triggers {"metadata":{"emulator":{"name":"functions"},"message":"File /home/talha-invozone/Documents/TrainingSession/ReactJS/react-custom-hooks-and-routers/functions/index.js changed, reloading triggers"}}
[debug] [2021-02-04T14:37:15.875Z] File /home/talha-invozone/Documents/TrainingSession/ReactJS/react-custom-hooks-and-routers/functions/index.js changed, reloading triggers {"metadata":{"emulator":{"name":"functions"},"message":"File /home/talha-invozone/Documents/TrainingSession/ReactJS/react-custom-hooks-and-routers/functions/index.js changed, reloading triggers"}}
[debug] [2021-02-04T14:37:16.108Z] File /home/talha-invozone/Documents/TrainingSession/ReactJS/react-custom-hooks-and-routers/functions/index.js changed, reloading triggers {"metadata":{"emulator":{"name":"functions"},"message":"File /home/talha-invozone/Documents/TrainingSession/ReactJS/react-custom-hooks-and-routers/functions/index.js changed, reloading triggers"}}
[debug] [2021-02-04T14:37:16.280Z] File /home/talha-invozone/Documents/TrainingSession/ReactJS/react-custom-hooks-and-routers/functions/index.js changed, reloading triggers {"metadata":{"emulator":{"name":"functions"},"message":"File /home/talha-invozone/Documents/TrainingSession/ReactJS/react-custom-hooks-and-routers/functions/index.js changed, reloading triggers"}}
[debug] [2021-02-04T14:37:16.432Z] File /home/talha-invozone/Documents/TrainingSession/ReactJS/react-custom-hooks-and-routers/functions/index.js changed, reloading triggers {"metadata":{"emulator":{"name":"functions"},"message":"File /home/talha-invozone/Documents/TrainingSession/ReactJS/react-custom-hooks-and-routers/functions/index.js changed, reloading triggers"}}
[debug] [2021-02-04T14:37:16.610Z] File /home/talha-invozone/Documents/TrainingSession/ReactJS/react-custom-hooks-and-routers/functions/index.js changed, reloading triggers {"metadata":{"emulator":{"name":"functions"},"message":"File /home/talha-invozone/Documents/TrainingSession/ReactJS/react-custom-hooks-and-routers/functions/index.js changed, reloading triggers"}}
[debug] [2021-02-04T14:37:16.678Z] File /home/talha-invozone/Documents/TrainingSession/ReactJS/react-custom-hooks-and-routers/functions/index.js changed, reloading triggers {"metadata":{"emulator":{"name":"functions"},"message":"File /home/talha-invozone/Documents/TrainingSession/ReactJS/react-custom-hooks-and-routers/functions/index.js changed, reloading triggers"}}
[debug] [2021-02-04T14:37:17.679Z] [worker-pool] Shutting down IDLE worker (~diagnostic~) {"metadata":{"emulator":{"name":"functions"},"message":"[worker-pool] Shutting down IDLE worker (~diagnostic~)"}}
[debug] [2021-02-04T14:37:17.680Z] [worker-~diagnostic~-19e9eebd-0574-4f5a-9dea-2ca206e874a2]: FINISHING {"metadata":{"emulator":{"name":"functions"},"message":"[worker-~diagnostic~-19e9eebd-0574-4f5a-9dea-2ca206e874a2]: FINISHING"}}
[debug] [2021-02-04T14:37:17.687Z] [worker-pool] addWorker(~diagnostic~) {"metadata":{"emulator":{"name":"functions"},"message":"[worker-pool] addWorker(~diagnostic~)"}}
[debug] [2021-02-04T14:37:17.687Z] [worker-pool] Adding worker with key ~diagnostic~, total=2 {"metadata":{"emulator":{"name":"functions"},"message":"[worker-pool] Adding worker with key ~diagnostic~, total=2"}}
[debug] [2021-02-04T14:37:17.687Z] [worker-pool] submitWork(triggerId=) {"metadata":{"emulator":{"name":"functions"},"message":"[worker-pool] submitWork(triggerId=)"}}
[debug] [2021-02-04T14:37:17.687Z] [worker-~diagnostic~-e66c6d52-6721-4894-83e8-980b48ee50de]: Assigning socketPath: /tmp/fire_emu_6568.sock {"metadata":{"emulator":{"name":"functions"},"message":"[worker-~diagnostic~-e66c6d52-6721-4894-83e8-980b48ee50de]: Assigning socketPath: /tmp/fire_emu_6568.sock"}}
[debug] [2021-02-04T14:37:17.687Z] [worker-~diagnostic~-e66c6d52-6721-4894-83e8-980b48ee50de]: BUSY {"metadata":{"emulator":{"name":"functions"},"message":"[worker-~diagnostic~-e66c6d52-6721-4894-83e8-980b48ee50de]: BUSY"}}
[debug] [2021-02-04T14:37:17.689Z] [worker-~diagnostic~-19e9eebd-0574-4f5a-9dea-2ca206e874a2]: exited {"metadata":{"emulator":{"name":"functions"},"message":"[worker-~diagnostic~-19e9eebd-0574-4f5a-9dea-2ca206e874a2]: exited"}}
[debug] [2021-02-04T14:37:17.689Z] [worker-~diagnostic~-19e9eebd-0574-4f5a-9dea-2ca206e874a2]: FINISHED {"metadata":{"emulator":{"name":"functions"},"message":"[worker-~diagnostic~-19e9eebd-0574-4f5a-9dea-2ca206e874a2]: FINISHED"}}
[debug] [2021-02-04T14:37:17.924Z] [runtime-status] [6568] Functions runtime initialized. {"cwd":"/home/talha-invozone/Documents/TrainingSession/ReactJS/react-custom-hooks-and-routers/functions","node_version":"12.18.3"} {"metadata":{"emulator":{"name":"functions"},"message":"[runtime-status] [6568] Functions runtime initialized. {\"cwd\":\"/home/talha-invozone/Documents/TrainingSession/ReactJS/react-custom-hooks-and-routers/functions\",\"node_version\":\"12.18.3\"}"}}
[debug] [2021-02-04T14:37:17.926Z] [runtime-status] [6568] Disabled runtime features: undefined {"metadata":{"emulator":{"name":"functions"},"message":"[runtime-status] [6568] Disabled runtime features: undefined"}}
[debug] [2021-02-04T14:37:17.929Z] [runtime-status] [6568] Resolved module firebase-admin {"declared":true,"installed":true,"version":"9.4.2","resolution":"/home/talha-invozone/Documents/TrainingSession/ReactJS/react-custom-hooks-and-routers/functions/node_modules/firebase-admin/lib/index.js"} {"metadata":{"emulator":{"name":"functions"},"message":"[runtime-status] [6568] Resolved module firebase-admin {\"declared\":true,\"installed\":true,\"version\":\"9.4.2\",\"resolution\":\"/home/talha-invozone/Documents/TrainingSession/ReactJS/react-custom-hooks-and-routers/functions/node_modules/firebase-admin/lib/index.js\"}"}}
[debug] [2021-02-04T14:37:17.930Z] [runtime-status] [6568] Resolved module firebase-functions {"declared":true,"installed":true,"version":"3.13.1","resolution":"/home/talha-invozone/Documents/TrainingSession/ReactJS/react-custom-hooks-and-routers/functions/node_modules/firebase-functions/lib/index.js"} {"metadata":{"emulator":{"name":"functions"},"message":"[runtime-status] [6568] Resolved module firebase-functions {\"declared\":true,\"installed\":true,\"version\":\"3.13.1\",\"resolution\":\"/home/talha-invozone/Documents/TrainingSession/ReactJS/react-custom-hooks-and-routers/functions/node_modules/firebase-functions/lib/index.js\"}"}}
[debug] [2021-02-04T14:37:17.931Z] [runtime-status] [6568] Resolved module firebase-functions {"declared":true,"installed":true,"version":"3.13.1","resolution":"/home/talha-invozone/Documents/TrainingSession/ReactJS/react-custom-hooks-and-routers/functions/node_modules/firebase-functions/lib/index.js"} {"metadata":{"emulator":{"name":"functions"},"message":"[runtime-status] [6568] Resolved module firebase-functions {\"declared\":true,\"installed\":true,\"version\":\"3.13.1\",\"resolution\":\"/home/talha-invozone/Documents/TrainingSession/ReactJS/react-custom-hooks-and-routers/functions/node_modules/firebase-functions/lib/index.js\"}"}}
[debug] [2021-02-04T14:37:17.934Z] [runtime-status] [6568] Outgoing network have been stubbed. [{"name":"http","status":"mocked"},{"name":"http","status":"mocked"},{"name":"https","status":"mocked"},{"name":"https","status":"mocked"},{"name":"net","status":"mocked"}] {"metadata":{"emulator":{"name":"functions"},"message":"[runtime-status] [6568] Outgoing network have been stubbed. [{\"name\":\"http\",\"status\":\"mocked\"},{\"name\":\"http\",\"status\":\"mocked\"},{\"name\":\"https\",\"status\":\"mocked\"},{\"name\":\"https\",\"status\":\"mocked\"},{\"name\":\"net\",\"status\":\"mocked\"}]"}}
[debug] [2021-02-04T14:37:17.934Z] [runtime-status] [6568] Resolved module firebase-functions {"declared":true,"installed":true,"version":"3.13.1","resolution":"/home/talha-invozone/Documents/TrainingSession/ReactJS/react-custom-hooks-and-routers/functions/node_modules/firebase-functions/lib/index.js"} {"metadata":{"emulator":{"name":"functions"},"message":"[runtime-status] [6568] Resolved module firebase-functions {\"declared\":true,\"installed\":true,\"version\":\"3.13.1\",\"resolution\":\"/home/talha-invozone/Documents/TrainingSession/ReactJS/react-custom-hooks-and-routers/functions/node_modules/firebase-functions/lib/index.js\"}"}}
[debug] [2021-02-04T14:37:17.984Z] [runtime-status] [6568] Checked functions.config() {"config":{}} {"metadata":{"emulator":{"name":"functions"},"message":"[runtime-status] [6568] Checked functions.config() {\"config\":{}}"}}
[debug] [2021-02-04T14:37:17.985Z] [runtime-status] [6568] firebase-functions has been stubbed. {"functionsResolution":{"declared":true,"installed":true,"version":"3.13.1","resolution":"/home/talha-invozone/Documents/TrainingSession/ReactJS/react-custom-hooks-and-routers/functions/node_modules/firebase-functions/lib/index.js"}} {"metadata":{"emulator":{"name":"functions"},"message":"[runtime-status] [6568] firebase-functions has been stubbed. {\"functionsResolution\":{\"declared\":true,\"installed\":true,\"version\":\"3.13.1\",\"resolution\":\"/home/talha-invozone/Documents/TrainingSession/ReactJS/react-custom-hooks-and-routers/functions/node_modules/firebase-functions/lib/index.js\"}}"}}
[debug] [2021-02-04T14:37:17.988Z] [runtime-status] [6568] Resolved module firebase-functions {"declared":true,"installed":true,"version":"3.13.1","resolution":"/home/talha-invozone/Documents/TrainingSession/ReactJS/react-custom-hooks-and-routers/functions/node_modules/firebase-functions/lib/index.js"} {"metadata":{"emulator":{"name":"functions"},"message":"[runtime-status] [6568] Resolved module firebase-functions {\"declared\":true,\"installed\":true,\"version\":\"3.13.1\",\"resolution\":\"/home/talha-invozone/Documents/TrainingSession/ReactJS/react-custom-hooks-and-routers/functions/node_modules/firebase-functions/lib/index.js\"}"}}
[debug] [2021-02-04T14:37:17.989Z] [runtime-status] [6568] Resolved module firebase-admin {"declared":true,"installed":true,"version":"9.4.2","resolution":"/home/talha-invozone/Documents/TrainingSession/ReactJS/react-custom-hooks-and-routers/functions/node_modules/firebase-admin/lib/index.js"} {"metadata":{"emulator":{"name":"functions"},"message":"[runtime-status] [6568] Resolved module firebase-admin {\"declared\":true,\"installed\":true,\"version\":\"9.4.2\",\"resolution\":\"/home/talha-invozone/Documents/TrainingSession/ReactJS/react-custom-hooks-and-routers/functions/node_modules/firebase-admin/lib/index.js\"}"}}
[debug] [2021-02-04T14:37:17.990Z] [runtime-status] [6568] Resolved module firebase-functions {"declared":true,"installed":true,"version":"3.13.1","resolution":"/home/talha-invozone/Documents/TrainingSession/ReactJS/react-custom-hooks-and-routers/functions/node_modules/firebase-functions/lib/index.js"} {"metadata":{"emulator":{"name":"functions"},"message":"[runtime-status] [6568] Resolved module firebase-functions {\"declared\":true,\"installed\":true,\"version\":\"3.13.1\",\"resolution\":\"/home/talha-invozone/Documents/TrainingSession/ReactJS/react-custom-hooks-and-routers/functions/node_modules/firebase-functions/lib/index.js\"}"}}
[debug] [2021-02-04T14:37:17.990Z] [runtime-status] [6568] firebase-admin has been stubbed. {"adminResolution":{"declared":true,"installed":true,"version":"9.4.2","resolution":"/home/talha-invozone/Documents/TrainingSession/ReactJS/react-custom-hooks-and-routers/functions/node_modules/firebase-admin/lib/index.js"}} {"metadata":{"emulator":{"name":"functions"},"message":"[runtime-status] [6568] firebase-admin has been stubbed. {\"adminResolution\":{\"declared\":true,\"installed\":true,\"version\":\"9.4.2\",\"resolution\":\"/home/talha-invozone/Documents/TrainingSession/ReactJS/react-custom-hooks-and-routers/functions/node_modules/firebase-admin/lib/index.js\"}}"}}
[debug] [2021-02-04T14:37:17.992Z] [worker-~diagnostic~-e66c6d52-6721-4894-83e8-980b48ee50de]: IDLE {"metadata":{"emulator":{"name":"functions"},"message":"[worker-~diagnostic~-e66c6d52-6721-4894-83e8-980b48ee50de]: IDLE"}}
[debug] [2021-02-07T15:37:13.558Z] d [FetchError]: request to http://localhost:4400/emulators failed, reason: connect ECONNREFUSED ::1:4400
    at ClientRequest.<anonymous> (/home/talha-invozone/.cache/firebase/emulators/ui-v1.4.1/server.bundle.js:326:16793)
    at ClientRequest.emit (events.js:315:20)
    at Socket.socketErrorListener (_http_client.js:426:9)
    at Socket.emit (events.js:315:20)
    at emitErrorNT (internal/streams/destroy.js:92:8)
    at emitErrorAndCloseNT (internal/streams/destroy.js:60:3)
    at processTicksAndRejections (internal/process/task_queues.js:84:21) {
  type: 'system',
  errno: 'ECONNREFUSED',
  code: 'ECONNREFUSED'
}
 {"metadata":{"emulator":{"name":"ui"},"message":"d [FetchError]: request to http://localhost:4400/emulators failed, reason: connect ECONNREFUSED ::1:4400\n    at ClientRequest.<anonymous> (/home/talha-invozone/.cache/firebase/emulators/ui-v1.4.1/server.bundle.js:326:16793)\n    at ClientRequest.emit (events.js:315:20)\n    at Socket.socketErrorListener (_http_client.js:426:9)\n    at Socket.emit (events.js:315:20)\n    at emitErrorNT (internal/streams/destroy.js:92:8)\n    at emitErrorAndCloseNT (internal/streams/destroy.js:60:3)\n    at processTicksAndRejections (internal/process/task_queues.js:84:21) {\n  type: 'system',\n  errno: 'ECONNREFUSED',\n  code: 'ECONNREFUSED'\n}\n"}}
[debug] [2021-02-07T17:48:47.130Z] d [FetchError]: request to http://localhost:4400/emulators failed, reason: connect ECONNREFUSED ::1:4400
    at ClientRequest.<anonymous> (/home/talha-invozone/.cache/firebase/emulators/ui-v1.4.1/server.bundle.js:326:16793)
    at ClientRequest.emit (events.js:315:20)
    at Socket.socketErrorListener (_http_client.js:426:9)
    at Socket.emit (events.js:315:20)
    at emitErrorNT (internal/streams/destroy.js:92:8)
    at emitErrorAndCloseNT (internal/streams/destroy.js:60:3)
    at processTicksAndRejections (internal/process/task_queues.js:84:21) {
  type: 'system',
  errno: 'ECONNREFUSED',
  code: 'ECONNREFUSED'
}
 {"metadata":{"emulator":{"name":"ui"},"message":"d [FetchError]: request to http://localhost:4400/emulators failed, reason: connect ECONNREFUSED ::1:4400\n    at ClientRequest.<anonymous> (/home/talha-invozone/.cache/firebase/emulators/ui-v1.4.1/server.bundle.js:326:16793)\n    at ClientRequest.emit (events.js:315:20)\n    at Socket.socketErrorListener (_http_client.js:426:9)\n    at Socket.emit (events.js:315:20)\n    at emitErrorNT (internal/streams/destroy.js:92:8)\n    at emitErrorAndCloseNT (internal/streams/destroy.js:60:3)\n    at processTicksAndRejections (internal/process/task_queues.js:84:21) {\n  type: 'system',\n  errno: 'ECONNREFUSED',\n  code: 'ECONNREFUSED'\n}\n"}}
[debug] [2021-02-07T18:17:03.015Z] File /home/talha-invozone/Documents/TrainingSession/ReactJS/react-custom-hooks-and-routers/functions/index.js changed, reloading triggers {"metadata":{"emulator":{"name":"functions"},"message":"File /home/talha-invozone/Documents/TrainingSession/ReactJS/react-custom-hooks-and-routers/functions/index.js changed, reloading triggers"}}
[debug] [2021-02-07T18:17:04.017Z] [worker-pool] Shutting down IDLE worker (~diagnostic~) {"metadata":{"emulator":{"name":"functions"},"message":"[worker-pool] Shutting down IDLE worker (~diagnostic~)"}}
[debug] [2021-02-07T18:17:04.018Z] [worker-~diagnostic~-e66c6d52-6721-4894-83e8-980b48ee50de]: FINISHING {"metadata":{"emulator":{"name":"functions"},"message":"[worker-~diagnostic~-e66c6d52-6721-4894-83e8-980b48ee50de]: FINISHING"}}
[debug] [2021-02-07T18:17:04.018Z] [worker-pool] Cleaned up workers for ~diagnostic~: 2 --> 1 {"metadata":{"emulator":{"name":"functions"},"message":"[worker-pool] Cleaned up workers for ~diagnostic~: 2 --> 1"}}
[debug] [2021-02-07T18:17:04.036Z] [worker-pool] addWorker(~diagnostic~) {"metadata":{"emulator":{"name":"functions"},"message":"[worker-pool] addWorker(~diagnostic~)"}}
[debug] [2021-02-07T18:17:04.037Z] [worker-pool] Adding worker with key ~diagnostic~, total=2 {"metadata":{"emulator":{"name":"functions"},"message":"[worker-pool] Adding worker with key ~diagnostic~, total=2"}}
[debug] [2021-02-07T18:17:04.037Z] [worker-pool] submitWork(triggerId=) {"metadata":{"emulator":{"name":"functions"},"message":"[worker-pool] submitWork(triggerId=)"}}
[debug] [2021-02-07T18:17:04.037Z] [worker-~diagnostic~-78df9c01-41e3-459b-aac5-1d26ff94aee2]: Assigning socketPath: /tmp/fire_emu_15069.sock {"metadata":{"emulator":{"name":"functions"},"message":"[worker-~diagnostic~-78df9c01-41e3-459b-aac5-1d26ff94aee2]: Assigning socketPath: /tmp/fire_emu_15069.sock"}}
[debug] [2021-02-07T18:17:04.038Z] [worker-~diagnostic~-78df9c01-41e3-459b-aac5-1d26ff94aee2]: BUSY {"metadata":{"emulator":{"name":"functions"},"message":"[worker-~diagnostic~-78df9c01-41e3-459b-aac5-1d26ff94aee2]: BUSY"}}
[debug] [2021-02-07T18:17:04.042Z] [worker-~diagnostic~-e66c6d52-6721-4894-83e8-980b48ee50de]: exited {"metadata":{"emulator":{"name":"functions"},"message":"[worker-~diagnostic~-e66c6d52-6721-4894-83e8-980b48ee50de]: exited"}}
[debug] [2021-02-07T18:17:04.043Z] [worker-~diagnostic~-e66c6d52-6721-4894-83e8-980b48ee50de]: FINISHED {"metadata":{"emulator":{"name":"functions"},"message":"[worker-~diagnostic~-e66c6d52-6721-4894-83e8-980b48ee50de]: FINISHED"}}
[debug] [2021-02-07T18:17:04.239Z] [runtime-status] [15069] Functions runtime initialized. {"cwd":"/home/talha-invozone/Documents/TrainingSession/ReactJS/react-custom-hooks-and-routers/functions","node_version":"12.18.3"} {"metadata":{"emulator":{"name":"functions"},"message":"[runtime-status] [15069] Functions runtime initialized. {\"cwd\":\"/home/talha-invozone/Documents/TrainingSession/ReactJS/react-custom-hooks-and-routers/functions\",\"node_version\":\"12.18.3\"}"}}
[debug] [2021-02-07T18:17:04.241Z] [runtime-status] [15069] Disabled runtime features: undefined {"metadata":{"emulator":{"name":"functions"},"message":"[runtime-status] [15069] Disabled runtime features: undefined"}}
[debug] [2021-02-07T18:17:04.245Z] [runtime-status] [15069] Resolved module firebase-admin {"declared":true,"installed":true,"version":"9.4.2","resolution":"/home/talha-invozone/Documents/TrainingSession/ReactJS/react-custom-hooks-and-routers/functions/node_modules/firebase-admin/lib/index.js"} {"metadata":{"emulator":{"name":"functions"},"message":"[runtime-status] [15069] Resolved module firebase-admin {\"declared\":true,\"installed\":true,\"version\":\"9.4.2\",\"resolution\":\"/home/talha-invozone/Documents/TrainingSession/ReactJS/react-custom-hooks-and-routers/functions/node_modules/firebase-admin/lib/index.js\"}"}}
[debug] [2021-02-07T18:17:04.247Z] [runtime-status] [15069] Resolved module firebase-functions {"declared":true,"installed":true,"version":"3.13.1","resolution":"/home/talha-invozone/Documents/TrainingSession/ReactJS/react-custom-hooks-and-routers/functions/node_modules/firebase-functions/lib/index.js"} {"metadata":{"emulator":{"name":"functions"},"message":"[runtime-status] [15069] Resolved module firebase-functions {\"declared\":true,\"installed\":true,\"version\":\"3.13.1\",\"resolution\":\"/home/talha-invozone/Documents/TrainingSession/ReactJS/react-custom-hooks-and-routers/functions/node_modules/firebase-functions/lib/index.js\"}"}}
[debug] [2021-02-07T18:17:04.248Z] [runtime-status] [15069] Resolved module firebase-functions {"declared":true,"installed":true,"version":"3.13.1","resolution":"/home/talha-invozone/Documents/TrainingSession/ReactJS/react-custom-hooks-and-routers/functions/node_modules/firebase-functions/lib/index.js"} {"metadata":{"emulator":{"name":"functions"},"message":"[runtime-status] [15069] Resolved module firebase-functions {\"declared\":true,\"installed\":true,\"version\":\"3.13.1\",\"resolution\":\"/home/talha-invozone/Documents/TrainingSession/ReactJS/react-custom-hooks-and-routers/functions/node_modules/firebase-functions/lib/index.js\"}"}}
[debug] [2021-02-07T18:17:04.251Z] [runtime-status] [15069] Outgoing network have been stubbed. [{"name":"http","status":"mocked"},{"name":"http","status":"mocked"},{"name":"https","status":"mocked"},{"name":"https","status":"mocked"},{"name":"net","status":"mocked"}] {"metadata":{"emulator":{"name":"functions"},"message":"[runtime-status] [15069] Outgoing network have been stubbed. [{\"name\":\"http\",\"status\":\"mocked\"},{\"name\":\"http\",\"status\":\"mocked\"},{\"name\":\"https\",\"status\":\"mocked\"},{\"name\":\"https\",\"status\":\"mocked\"},{\"name\":\"net\",\"status\":\"mocked\"}]"}}
[debug] [2021-02-07T18:17:04.252Z] [runtime-status] [15069] Resolved module firebase-functions {"declared":true,"installed":true,"version":"3.13.1","resolution":"/home/talha-invozone/Documents/TrainingSession/ReactJS/react-custom-hooks-and-routers/functions/node_modules/firebase-functions/lib/index.js"} {"metadata":{"emulator":{"name":"functions"},"message":"[runtime-status] [15069] Resolved module firebase-functions {\"declared\":true,\"installed\":true,\"version\":\"3.13.1\",\"resolution\":\"/home/talha-invozone/Documents/TrainingSession/ReactJS/react-custom-hooks-and-routers/functions/node_modules/firebase-functions/lib/index.js\"}"}}
[debug] [2021-02-07T18:17:04.307Z] [runtime-status] [15069] Checked functions.config() {"config":{}} {"metadata":{"emulator":{"name":"functions"},"message":"[runtime-status] [15069] Checked functions.config() {\"config\":{}}"}}
[debug] [2021-02-07T18:17:04.309Z] [runtime-status] [15069] firebase-functions has been stubbed. {"functionsResolution":{"declared":true,"installed":true,"version":"3.13.1","resolution":"/home/talha-invozone/Documents/TrainingSession/ReactJS/react-custom-hooks-and-routers/functions/node_modules/firebase-functions/lib/index.js"}} {"metadata":{"emulator":{"name":"functions"},"message":"[runtime-status] [15069] firebase-functions has been stubbed. {\"functionsResolution\":{\"declared\":true,\"installed\":true,\"version\":\"3.13.1\",\"resolution\":\"/home/talha-invozone/Documents/TrainingSession/ReactJS/react-custom-hooks-and-routers/functions/node_modules/firebase-functions/lib/index.js\"}}"}}
[debug] [2021-02-07T18:17:04.309Z] [runtime-status] [15069] Resolved module firebase-functions {"declared":true,"installed":true,"version":"3.13.1","resolution":"/home/talha-invozone/Documents/TrainingSession/ReactJS/react-custom-hooks-and-routers/functions/node_modules/firebase-functions/lib/index.js"} {"metadata":{"emulator":{"name":"functions"},"message":"[runtime-status] [15069] Resolved module firebase-functions {\"declared\":true,\"installed\":true,\"version\":\"3.13.1\",\"resolution\":\"/home/talha-invozone/Documents/TrainingSession/ReactJS/react-custom-hooks-and-routers/functions/node_modules/firebase-functions/lib/index.js\"}"}}
[debug] [2021-02-07T18:17:04.310Z] [runtime-status] [15069] Resolved module firebase-admin {"declared":true,"installed":true,"version":"9.4.2","resolution":"/home/talha-invozone/Documents/TrainingSession/ReactJS/react-custom-hooks-and-routers/functions/node_modules/firebase-admin/lib/index.js"} {"metadata":{"emulator":{"name":"functions"},"message":"[runtime-status] [15069] Resolved module firebase-admin {\"declared\":true,\"installed\":true,\"version\":\"9.4.2\",\"resolution\":\"/home/talha-invozone/Documents/TrainingSession/ReactJS/react-custom-hooks-and-routers/functions/node_modules/firebase-admin/lib/index.js\"}"}}
[debug] [2021-02-07T18:17:04.313Z] [runtime-status] [15069] Resolved module firebase-functions {"declared":true,"installed":true,"version":"3.13.1","resolution":"/home/talha-invozone/Documents/TrainingSession/ReactJS/react-custom-hooks-and-routers/functions/node_modules/firebase-functions/lib/index.js"} {"metadata":{"emulator":{"name":"functions"},"message":"[runtime-status] [15069] Resolved module firebase-functions {\"declared\":true,\"installed\":true,\"version\":\"3.13.1\",\"resolution\":\"/home/talha-invozone/Documents/TrainingSession/ReactJS/react-custom-hooks-and-routers/functions/node_modules/firebase-functions/lib/index.js\"}"}}
[debug] [2021-02-07T18:17:04.313Z] [runtime-status] [15069] firebase-admin has been stubbed. {"adminResolution":{"declared":true,"installed":true,"version":"9.4.2","resolution":"/home/talha-invozone/Documents/TrainingSession/ReactJS/react-custom-hooks-and-routers/functions/node_modules/firebase-admin/lib/index.js"}} {"metadata":{"emulator":{"name":"functions"},"message":"[runtime-status] [15069] firebase-admin has been stubbed. {\"adminResolution\":{\"declared\":true,\"installed\":true,\"version\":\"9.4.2\",\"resolution\":\"/home/talha-invozone/Documents/TrainingSession/ReactJS/react-custom-hooks-and-routers/functions/node_modules/firebase-admin/lib/index.js\"}}"}}
[debug] [2021-02-07T18:17:04.315Z] [worker-~diagnostic~-78df9c01-41e3-459b-aac5-1d26ff94aee2]: IDLE {"metadata":{"emulator":{"name":"functions"},"message":"[worker-~diagnostic~-78df9c01-41e3-459b-aac5-1d26ff94aee2]: IDLE"}}
[debug] [2021-02-08T05:53:44.749Z] d [FetchError]: request to http://localhost:4400/emulators failed, reason: connect ECONNREFUSED ::1:4400
    at ClientRequest.<anonymous> (/home/talha-invozone/.cache/firebase/emulators/ui-v1.4.1/server.bundle.js:326:16793)
    at ClientRequest.emit (events.js:315:20)
    at Socket.socketErrorListener (_http_client.js:426:9)
    at Socket.emit (events.js:315:20)
    at emitErrorNT (internal/streams/destroy.js:92:8)
    at emitErrorAndCloseNT (internal/streams/destroy.js:60:3)
    at processTicksAndRejections (internal/process/task_queues.js:84:21) {
  type: 'system',
  errno: 'ECONNREFUSED',
  code: 'ECONNREFUSED'
}
 {"metadata":{"emulator":{"name":"ui"},"message":"d [FetchError]: request to http://localhost:4400/emulators failed, reason: connect ECONNREFUSED ::1:4400\n    at ClientRequest.<anonymous> (/home/talha-invozone/.cache/firebase/emulators/ui-v1.4.1/server.bundle.js:326:16793)\n    at ClientRequest.emit (events.js:315:20)\n    at Socket.socketErrorListener (_http_client.js:426:9)\n    at Socket.emit (events.js:315:20)\n    at emitErrorNT (internal/streams/destroy.js:92:8)\n    at emitErrorAndCloseNT (internal/streams/destroy.js:60:3)\n    at processTicksAndRejections (internal/process/task_queues.js:84:21) {\n  type: 'system',\n  errno: 'ECONNREFUSED',\n  code: 'ECONNREFUSED'\n}\n"}}
[debug] [2021-02-08T09:27:57.391Z] File /home/talha-invozone/Documents/TrainingSession/ReactJS/react-custom-hooks-and-routers/functions/index.js changed, reloading triggers {"metadata":{"emulator":{"name":"functions"},"message":"File /home/talha-invozone/Documents/TrainingSession/ReactJS/react-custom-hooks-and-routers/functions/index.js changed, reloading triggers"}}
[debug] [2021-02-08T09:27:58.391Z] [worker-pool] Shutting down IDLE worker (~diagnostic~) {"metadata":{"emulator":{"name":"functions"},"message":"[worker-pool] Shutting down IDLE worker (~diagnostic~)"}}
[debug] [2021-02-08T09:27:58.392Z] [worker-~diagnostic~-78df9c01-41e3-459b-aac5-1d26ff94aee2]: FINISHING {"metadata":{"emulator":{"name":"functions"},"message":"[worker-~diagnostic~-78df9c01-41e3-459b-aac5-1d26ff94aee2]: FINISHING"}}
[debug] [2021-02-08T09:27:58.395Z] [worker-pool] Cleaned up workers for ~diagnostic~: 2 --> 1 {"metadata":{"emulator":{"name":"functions"},"message":"[worker-pool] Cleaned up workers for ~diagnostic~: 2 --> 1"}}
[debug] [2021-02-08T09:27:58.423Z] [worker-pool] addWorker(~diagnostic~) {"metadata":{"emulator":{"name":"functions"},"message":"[worker-pool] addWorker(~diagnostic~)"}}
[debug] [2021-02-08T09:27:58.424Z] [worker-pool] Adding worker with key ~diagnostic~, total=2 {"metadata":{"emulator":{"name":"functions"},"message":"[worker-pool] Adding worker with key ~diagnostic~, total=2"}}
[debug] [2021-02-08T09:27:58.425Z] [worker-pool] submitWork(triggerId=) {"metadata":{"emulator":{"name":"functions"},"message":"[worker-pool] submitWork(triggerId=)"}}
[debug] [2021-02-08T09:27:58.425Z] [worker-~diagnostic~-6c9aad18-a2bb-4063-b05d-f74bdf9f64bc]: Assigning socketPath: /tmp/fire_emu_3015.sock {"metadata":{"emulator":{"name":"functions"},"message":"[worker-~diagnostic~-6c9aad18-a2bb-4063-b05d-f74bdf9f64bc]: Assigning socketPath: /tmp/fire_emu_3015.sock"}}
[debug] [2021-02-08T09:27:58.426Z] [worker-~diagnostic~-6c9aad18-a2bb-4063-b05d-f74bdf9f64bc]: BUSY {"metadata":{"emulator":{"name":"functions"},"message":"[worker-~diagnostic~-6c9aad18-a2bb-4063-b05d-f74bdf9f64bc]: BUSY"}}
[debug] [2021-02-08T09:27:58.429Z] [worker-~diagnostic~-78df9c01-41e3-459b-aac5-1d26ff94aee2]: exited {"metadata":{"emulator":{"name":"functions"},"message":"[worker-~diagnostic~-78df9c01-41e3-459b-aac5-1d26ff94aee2]: exited"}}
[debug] [2021-02-08T09:27:58.430Z] [worker-~diagnostic~-78df9c01-41e3-459b-aac5-1d26ff94aee2]: FINISHED {"metadata":{"emulator":{"name":"functions"},"message":"[worker-~diagnostic~-78df9c01-41e3-459b-aac5-1d26ff94aee2]: FINISHED"}}
[debug] [2021-02-08T09:27:58.619Z] [runtime-status] [3015] Functions runtime initialized. {"cwd":"/home/talha-invozone/Documents/TrainingSession/ReactJS/react-custom-hooks-and-routers/functions","node_version":"12.18.3"} {"metadata":{"emulator":{"name":"functions"},"message":"[runtime-status] [3015] Functions runtime initialized. {\"cwd\":\"/home/talha-invozone/Documents/TrainingSession/ReactJS/react-custom-hooks-and-routers/functions\",\"node_version\":\"12.18.3\"}"}}
[debug] [2021-02-08T09:27:58.621Z] [runtime-status] [3015] Disabled runtime features: undefined {"metadata":{"emulator":{"name":"functions"},"message":"[runtime-status] [3015] Disabled runtime features: undefined"}}
[debug] [2021-02-08T09:27:58.624Z] [runtime-status] [3015] Resolved module firebase-admin {"declared":true,"installed":true,"version":"9.4.2","resolution":"/home/talha-invozone/Documents/TrainingSession/ReactJS/react-custom-hooks-and-routers/functions/node_modules/firebase-admin/lib/index.js"} {"metadata":{"emulator":{"name":"functions"},"message":"[runtime-status] [3015] Resolved module firebase-admin {\"declared\":true,\"installed\":true,\"version\":\"9.4.2\",\"resolution\":\"/home/talha-invozone/Documents/TrainingSession/ReactJS/react-custom-hooks-and-routers/functions/node_modules/firebase-admin/lib/index.js\"}"}}
[debug] [2021-02-08T09:27:58.625Z] [runtime-status] [3015] Resolved module firebase-functions {"declared":true,"installed":true,"version":"3.13.1","resolution":"/home/talha-invozone/Documents/TrainingSession/ReactJS/react-custom-hooks-and-routers/functions/node_modules/firebase-functions/lib/index.js"} {"metadata":{"emulator":{"name":"functions"},"message":"[runtime-status] [3015] Resolved module firebase-functions {\"declared\":true,\"installed\":true,\"version\":\"3.13.1\",\"resolution\":\"/home/talha-invozone/Documents/TrainingSession/ReactJS/react-custom-hooks-and-routers/functions/node_modules/firebase-functions/lib/index.js\"}"}}
[debug] [2021-02-08T09:27:58.626Z] [runtime-status] [3015] Resolved module firebase-functions {"declared":true,"installed":true,"version":"3.13.1","resolution":"/home/talha-invozone/Documents/TrainingSession/ReactJS/react-custom-hooks-and-routers/functions/node_modules/firebase-functions/lib/index.js"} {"metadata":{"emulator":{"name":"functions"},"message":"[runtime-status] [3015] Resolved module firebase-functions {\"declared\":true,\"installed\":true,\"version\":\"3.13.1\",\"resolution\":\"/home/talha-invozone/Documents/TrainingSession/ReactJS/react-custom-hooks-and-routers/functions/node_modules/firebase-functions/lib/index.js\"}"}}
[debug] [2021-02-08T09:27:58.628Z] [runtime-status] [3015] Outgoing network have been stubbed. [{"name":"http","status":"mocked"},{"name":"http","status":"mocked"},{"name":"https","status":"mocked"},{"name":"https","status":"mocked"},{"name":"net","status":"mocked"}] {"metadata":{"emulator":{"name":"functions"},"message":"[runtime-status] [3015] Outgoing network have been stubbed. [{\"name\":\"http\",\"status\":\"mocked\"},{\"name\":\"http\",\"status\":\"mocked\"},{\"name\":\"https\",\"status\":\"mocked\"},{\"name\":\"https\",\"status\":\"mocked\"},{\"name\":\"net\",\"status\":\"mocked\"}]"}}
[debug] [2021-02-08T09:27:58.629Z] [runtime-status] [3015] Resolved module firebase-functions {"declared":true,"installed":true,"version":"3.13.1","resolution":"/home/talha-invozone/Documents/TrainingSession/ReactJS/react-custom-hooks-and-routers/functions/node_modules/firebase-functions/lib/index.js"} {"metadata":{"emulator":{"name":"functions"},"message":"[runtime-status] [3015] Resolved module firebase-functions {\"declared\":true,\"installed\":true,\"version\":\"3.13.1\",\"resolution\":\"/home/talha-invozone/Documents/TrainingSession/ReactJS/react-custom-hooks-and-routers/functions/node_modules/firebase-functions/lib/index.js\"}"}}
[debug] [2021-02-08T09:27:58.663Z] [runtime-status] [3015] Checked functions.config() {"config":{}} {"metadata":{"emulator":{"name":"functions"},"message":"[runtime-status] [3015] Checked functions.config() {\"config\":{}}"}}
[debug] [2021-02-08T09:27:58.663Z] [runtime-status] [3015] firebase-functions has been stubbed. {"functionsResolution":{"declared":true,"installed":true,"version":"3.13.1","resolution":"/home/talha-invozone/Documents/TrainingSession/ReactJS/react-custom-hooks-and-routers/functions/node_modules/firebase-functions/lib/index.js"}} {"metadata":{"emulator":{"name":"functions"},"message":"[runtime-status] [3015] firebase-functions has been stubbed. {\"functionsResolution\":{\"declared\":true,\"installed\":true,\"version\":\"3.13.1\",\"resolution\":\"/home/talha-invozone/Documents/TrainingSession/ReactJS/react-custom-hooks-and-routers/functions/node_modules/firebase-functions/lib/index.js\"}}"}}
[debug] [2021-02-08T09:27:58.664Z] [runtime-status] [3015] Resolved module firebase-functions {"declared":true,"installed":true,"version":"3.13.1","resolution":"/home/talha-invozone/Documents/TrainingSession/ReactJS/react-custom-hooks-and-routers/functions/node_modules/firebase-functions/lib/index.js"} {"metadata":{"emulator":{"name":"functions"},"message":"[runtime-status] [3015] Resolved module firebase-functions {\"declared\":true,\"installed\":true,\"version\":\"3.13.1\",\"resolution\":\"/home/talha-invozone/Documents/TrainingSession/ReactJS/react-custom-hooks-and-routers/functions/node_modules/firebase-functions/lib/index.js\"}"}}
[debug] [2021-02-08T09:27:58.666Z] [runtime-status] [3015] Resolved module firebase-admin {"declared":true,"installed":true,"version":"9.4.2","resolution":"/home/talha-invozone/Documents/TrainingSession/ReactJS/react-custom-hooks-and-routers/functions/node_modules/firebase-admin/lib/index.js"} {"metadata":{"emulator":{"name":"functions"},"message":"[runtime-status] [3015] Resolved module firebase-admin {\"declared\":true,\"installed\":true,\"version\":\"9.4.2\",\"resolution\":\"/home/talha-invozone/Documents/TrainingSession/ReactJS/react-custom-hooks-and-routers/functions/node_modules/firebase-admin/lib/index.js\"}"}}
[debug] [2021-02-08T09:27:58.667Z] [runtime-status] [3015] Resolved module firebase-functions {"declared":true,"installed":true,"version":"3.13.1","resolution":"/home/talha-invozone/Documents/TrainingSession/ReactJS/react-custom-hooks-and-routers/functions/node_modules/firebase-functions/lib/index.js"} {"metadata":{"emulator":{"name":"functions"},"message":"[runtime-status] [3015] Resolved module firebase-functions {\"declared\":true,\"installed\":true,\"version\":\"3.13.1\",\"resolution\":\"/home/talha-invozone/Documents/TrainingSession/ReactJS/react-custom-hooks-and-routers/functions/node_modules/firebase-functions/lib/index.js\"}"}}
[debug] [2021-02-08T09:27:58.667Z] [runtime-status] [3015] firebase-admin has been stubbed. {"adminResolution":{"declared":true,"installed":true,"version":"9.4.2","resolution":"/home/talha-invozone/Documents/TrainingSession/ReactJS/react-custom-hooks-and-routers/functions/node_modules/firebase-admin/lib/index.js"}} {"metadata":{"emulator":{"name":"functions"},"message":"[runtime-status] [3015] firebase-admin has been stubbed. {\"adminResolution\":{\"declared\":true,\"installed\":true,\"version\":\"9.4.2\",\"resolution\":\"/home/talha-invozone/Documents/TrainingSession/ReactJS/react-custom-hooks-and-routers/functions/node_modules/firebase-admin/lib/index.js\"}}"}}
[debug] [2021-02-08T09:27:58.669Z] [worker-~diagnostic~-6c9aad18-a2bb-4063-b05d-f74bdf9f64bc]: IDLE {"metadata":{"emulator":{"name":"functions"},"message":"[worker-~diagnostic~-6c9aad18-a2bb-4063-b05d-f74bdf9f64bc]: IDLE"}}
